<?xml version="1.0" encoding="UTF-8"?>
<!-- Generated by org.testng.reporters.JUnitReportReporter -->
<testsuite skipped="0" hostname="STIPL-SMBL0267" name="testcases.TestCases" tests="2" failures="0" timestamp="2021-08-18T18:44:29 IST" time="94.351" errors="0">
  <testcase name="MOB_TC002_LogIntoTreatApp" time="64.141" classname="testcases.TestCases"/>
  <system-out/>
  <testcase name="MOB_TC001_LogIntoTreatApp" time="30.210" classname="testcases.TestCases"/>
  <system-out/>
</testsuite> <!-- testcases.TestCases -->
